[2024-08-06 00:31:14,502: INFO: main :Welcome to logging example!]
[2024-08-31 20:58:00,901: INFO: comman :yaml file:config/config.yaml loaded successfully]
[2024-08-31 21:05:06,944: INFO: comman :yaml file:config/config.yaml loaded successfully]
[2024-08-31 21:05:44,648: INFO: comman :yaml file:config/config.yaml loaded successfully]
[2024-08-31 21:08:56,054: INFO: comman :yaml file:config/config.yaml loaded successfully]
[2024-08-31 21:11:17,973: INFO: comman :yaml file:config/config.yaml loaded successfully]
[2024-08-31 21:12:08,838: INFO: comman :yaml file:config/config.yaml loaded successfully]
[2024-08-31 21:12:08,839: INFO: comman :yaml file:params.yaml loaded successfully]
[2024-08-31 21:12:08,840: INFO: comman :created directory at: artifacts]
[2024-08-31 21:12:08,840: INFO: comman :created directory at: artifacts/data_ingestion]
[2024-08-31 21:15:50,364: INFO: comman :yaml file:config/config.yaml loaded successfully]
[2024-08-31 21:15:50,365: INFO: comman :yaml file:params.yaml loaded successfully]
[2024-08-31 21:15:50,365: INFO: comman :created directory at: artifacts]
[2024-08-31 21:15:50,366: INFO: comman :created directory at: artifacts/data_ingestion]
[2024-08-31 21:18:18,700: INFO: comman :yaml file:config/config.yaml loaded successfully]
[2024-08-31 21:18:18,701: INFO: comman :yaml file:params.yaml loaded successfully]
[2024-08-31 21:18:18,702: INFO: comman :created directory at: artifacts]
[2024-08-31 21:18:18,702: INFO: comman :created directory at: artifacts/data_ingestion]
[2024-09-04 06:00:06,452: INFO: comman :yaml file:config/config.yaml loaded successfully]
[2024-09-04 06:00:06,457: INFO: comman :yaml file:params.yaml loaded successfully]
[2024-09-04 06:00:06,458: INFO: comman :created directory at: artifacts]
[2024-09-04 06:00:06,458: INFO: comman :created directory at: artifacts/data_ingestion]
[2024-09-04 06:01:37,396: INFO: comman :yaml file:config/config.yaml loaded successfully]
[2024-09-04 06:01:37,397: INFO: comman :yaml file:params.yaml loaded successfully]
[2024-09-04 06:01:37,398: INFO: comman :created directory at: artifacts]
[2024-09-04 06:01:37,399: INFO: comman :created directory at: artifacts/data_ingestion]
[2024-09-04 06:03:32,756: INFO: comman :yaml file:config/config.yaml loaded successfully]
[2024-09-04 06:03:32,758: INFO: comman :yaml file:params.yaml loaded successfully]
[2024-09-04 06:03:32,758: INFO: comman :created directory at: artifacts]
[2024-09-04 06:03:32,760: INFO: comman :created directory at: artifacts/data_ingestion]
[2024-09-04 06:03:47,253: INFO: comman :yaml file:config/config.yaml loaded successfully]
[2024-09-04 06:03:47,253: INFO: comman :yaml file:params.yaml loaded successfully]
[2024-09-04 06:03:47,254: INFO: comman :created directory at: artifacts]
[2024-09-04 06:03:47,254: INFO: comman :created directory at: artifacts/data_ingestion]
[2024-09-04 06:07:25,774: INFO: comman :yaml file:config/config.yaml loaded successfully]
[2024-09-04 06:07:25,776: INFO: comman :yaml file:params.yaml loaded successfully]
[2024-09-04 06:07:25,776: INFO: comman :created directory at: artifacts]
[2024-09-04 06:07:25,776: INFO: comman :created directory at: artifacts/data_ingestion]
[2024-09-04 06:07:26,962: INFO: 1535728101 :artifacts/data_ingestion/data.zip download! with following info: 
Connection: close
Content-Length: 7903594
Cache-Control: max-age=300
Content-Security-Policy: default-src 'none'; style-src 'unsafe-inline'; sandbox
Content-Type: application/zip
ETag: "dbc016a060da18070593b83afff580c9b300f0b6ea4147a7988433e04df246ca"
Strict-Transport-Security: max-age=31536000
X-Content-Type-Options: nosniff
X-Frame-Options: deny
X-XSS-Protection: 1; mode=block
X-GitHub-Request-Id: 3E8B:34ED81:1956109:1C2C0D3:66D83F6D
Accept-Ranges: bytes
Date: Wed, 04 Sep 2024 11:07:26 GMT
Via: 1.1 varnish
X-Served-By: cache-chi-kigq8000149-CHI
X-Cache: MISS
X-Cache-Hits: 0
X-Timer: S1725448046.296619,VS0,VE297
Vary: Authorization,Accept-Encoding,Origin
Access-Control-Allow-Origin: *
Cross-Origin-Resource-Policy: cross-origin
X-Fastly-Request-ID: ded619b5888d1834fbd564d3f5c6da43bf1f2987
Expires: Wed, 04 Sep 2024 11:12:26 GMT
Source-Age: 0

]
[2024-09-05 03:21:44,761: INFO: comman :yaml file:config/config.yaml loaded successfully]
[2024-09-05 03:21:44,763: INFO: comman :yaml file:params.yaml loaded successfully]
[2024-09-05 03:21:44,763: INFO: comman :created directory at: artifacts]
[2024-09-05 03:21:44,764: INFO: comman :created directory at: artifacts/data_validation]
[2024-09-07 18:26:45,041: INFO: config :PyTorch version 2.4.0 available.]
[2024-09-07 18:27:21,179: INFO: comman :yaml file:config/config.yaml loaded successfully]
[2024-09-07 18:27:21,182: INFO: comman :yaml file:params.yaml loaded successfully]
[2024-09-07 18:27:21,182: INFO: comman :created directory at: artifacts]
[2024-09-07 18:27:21,183: INFO: comman :created directory at: artifacts/data_transformation]
[2024-09-11 19:17:08,319: INFO: config :PyTorch version 2.4.0 available.]
[2024-09-11 19:19:28,330: INFO: config :PyTorch version 2.4.0 available.]
[2024-09-11 19:20:04,574: INFO: comman :yaml file:config/config.yaml loaded successfully]
[2024-09-11 19:20:04,577: INFO: comman :yaml file:params.yaml loaded successfully]
[2024-09-11 19:20:04,577: INFO: comman :created directory at: artifacts]
[2024-09-11 19:26:50,091: INFO: comman :yaml file:config/config.yaml loaded successfully]
[2024-09-11 19:26:50,094: INFO: comman :yaml file:params.yaml loaded successfully]
[2024-09-11 19:26:50,095: INFO: comman :created directory at: artifacts]
[2024-09-11 19:26:50,096: INFO: comman :created directory at: artifacts/model_trainer]
[2024-09-11 19:30:39,590: INFO: config :PyTorch version 2.4.0 available.]
[2024-09-11 19:30:39,720: INFO: comman :yaml file:config/config.yaml loaded successfully]
[2024-09-11 19:30:39,722: INFO: comman :yaml file:params.yaml loaded successfully]
[2024-09-11 19:30:39,722: INFO: comman :created directory at: artifacts]
[2024-09-11 19:30:39,722: INFO: comman :created directory at: artifacts/model_trainer]
[2024-09-11 19:38:53,391: INFO: config :PyTorch version 2.4.0 available.]
[2024-09-11 19:38:53,530: INFO: comman :yaml file:config/config.yaml loaded successfully]
[2024-09-11 19:38:53,531: INFO: comman :yaml file:params.yaml loaded successfully]
[2024-09-11 19:38:53,531: INFO: comman :created directory at: artifacts]
[2024-09-11 19:38:53,532: INFO: comman :created directory at: artifacts/model_trainer]
[2024-09-11 19:39:21,420: INFO: config :PyTorch version 2.4.0 available.]
[2024-09-11 19:39:21,546: INFO: comman :yaml file:config/config.yaml loaded successfully]
[2024-09-11 19:39:21,549: INFO: comman :yaml file:params.yaml loaded successfully]
[2024-09-11 19:39:21,550: INFO: comman :created directory at: artifacts]
[2024-09-11 19:39:21,551: INFO: comman :created directory at: artifacts/model_trainer]
[2024-09-11 19:47:04,272: INFO: config :PyTorch version 2.4.0 available.]
[2024-09-11 19:47:04,416: INFO: comman :yaml file:config/config.yaml loaded successfully]
[2024-09-11 19:47:04,417: INFO: comman :yaml file:params.yaml loaded successfully]
[2024-09-11 19:47:04,418: INFO: comman :created directory at: artifacts]
[2024-09-11 19:47:04,418: INFO: comman :created directory at: artifacts/model_trainer]
[2024-09-15 05:16:01,676: INFO: config :PyTorch version 2.4.0 available.]
[2024-09-15 05:16:06,339: INFO: comman :yaml file:config/config.yaml loaded successfully]
[2024-09-15 05:16:06,775: INFO: comman :yaml file:params.yaml loaded successfully]
[2024-09-15 05:16:06,776: INFO: comman :created directory at: artifacts]
[2024-09-15 05:16:06,777: INFO: comman :created directory at: artifacts/model_trainer]
